Build started 5/1/2012 5:17:29 PM.
     1>Project "C:\Users\DAN\Documents\C++\ASCII Dodge\ASCII Dodge\ASCII Dodge.vcxproj" on node 2 (build target(s)).
     1>InitializeBuildStatus:
         Creating "Debug\ASCII Dodge.unsuccessfulbuild" because "AlwaysCreate" was specified.
       ClCompile:
         C:\Program Files (x86)\Microsoft Visual Studio 10.0\VC\bin\CL.exe /c /ZI /nologo /W3 /WX- /Od /Oy- /D WIN32 /D _DEBUG /D _CONSOLE /D _UNICODE /D UNICODE /Gm /EHsc /RTC1 /MDd /GS /fp:precise /Zc:wchar_t /Zc:forScope /Fo"Debug\\" /Fd"Debug\vc100.pdb" /Gd /TP /analyze- /errorReport:prompt main.cpp
         main.cpp
     1>c:\users\dan\documents\c++\ascii dodge\ascii dodge\main.cpp(24): warning C4244: 'argument' : conversion from 'time_t' to 'unsigned int', possible loss of data
     1>c:\users\dan\documents\c++\ascii dodge\ascii dodge\main.cpp(79): warning C4996: 'kbhit': The POSIX name for this item is deprecated. Instead, use the ISO C++ conformant name: _kbhit. See online help for details.
                 c:\program files (x86)\microsoft visual studio 10.0\vc\include\conio.h(130) : see declaration of 'kbhit'
     1>c:\users\dan\documents\c++\ascii dodge\ascii dodge\main.cpp(79): warning C4996: 'getch': The POSIX name for this item is deprecated. Instead, use the ISO C++ conformant name: _getch. See online help for details.
                 c:\program files (x86)\microsoft visual studio 10.0\vc\include\conio.h(128) : see declaration of 'getch'
       ManifestResourceCompile:
         All outputs are up-to-date.
       Link:
         C:\Program Files (x86)\Microsoft Visual Studio 10.0\VC\bin\link.exe /ERRORREPORT:PROMPT /OUT:"C:\Users\DAN\Documents\C++\ASCII Dodge\Debug\ASCII Dodge.exe" /INCREMENTAL /NOLOGO kernel32.lib user32.lib gdi32.lib winspool.lib comdlg32.lib advapi32.lib shell32.lib ole32.lib oleaut32.lib uuid.lib odbc32.lib odbccp32.lib /MANIFEST /ManifestFile:"Debug\ASCII Dodge.exe.intermediate.manifest" /MANIFESTUAC:"level='asInvoker' uiAccess='false'" /DEBUG /PDB:"C:\Users\DAN\Documents\C++\ASCII Dodge\Debug\ASCII Dodge.pdb" /SUBSYSTEM:CONSOLE /TLBID:1 /DYNAMICBASE /NXCOMPAT /IMPLIB:"C:\Users\DAN\Documents\C++\ASCII Dodge\Debug\ASCII Dodge.lib" /MACHINE:X86 "Debug\ASCII Dodge.exe.embed.manifest.res"
         "Debug\ASCII Dodge.obj"
         Debug\main.obj
       Manifest:
         C:\Program Files (x86)\Microsoft SDKs\Windows\v7.0A\bin\mt.exe /nologo /verbose /out:"Debug\ASCII Dodge.exe.embed.manifest" /manifest "Debug\ASCII Dodge.exe.intermediate.manifest"
         All outputs are up-to-date.
       LinkEmbedManifest:
         All outputs are up-to-date.
         ASCII Dodge.vcxproj -> C:\Users\DAN\Documents\C++\ASCII Dodge\Debug\ASCII Dodge.exe
       FinalizeBuildStatus:
         Deleting file "Debug\ASCII Dodge.unsuccessfulbuild".
         Touching "Debug\ASCII Dodge.lastbuildstate".
     1>Done Building Project "C:\Users\DAN\Documents\C++\ASCII Dodge\ASCII Dodge\ASCII Dodge.vcxproj" (build target(s)).

Build succeeded.

Time Elapsed 00:00:02.40
